#
# There is insufficient memory for the Java Runtime Environment to continue.
# Native memory allocation (malloc) failed to allocate 1521984 bytes for Chunk::new
# Possible reasons:
#   The system is out of physical RAM or swap space
#   In 32 bit mode, the process size limit was hit
# Possible solutions:
#   Reduce memory load on the system
#   Increase physical memory or swap space
#   Check if swap backing store is full
#   Use 64 bit Java on a 64 bit OS
#   Decrease Java heap size (-Xmx/-Xms)
#   Decrease number of Java threads
#   Decrease Java thread stack sizes (-Xss)
#   Set larger code cache with -XX:ReservedCodeCacheSize=
# This output file may be truncated or incomplete.
#
#  Out of Memory Error (allocation.cpp:390), pid=5620, tid=0x00000000000041f0
#
# JRE version: OpenJDK Runtime Environment (8.0_152-b01) (build 1.8.0_152-release-915-b01)
# Java VM: OpenJDK 64-Bit Server VM (25.152-b01 mixed mode windows-amd64 compressed oops)
# Failed to write core dump. Minidumps are not enabled by default on client versions of Windows
#

---------------  T H R E A D  ---------------

Current thread (0x000000001574f000):  JavaThread "C2 CompilerThread0" daemon [_thread_in_native, id=16880, stack(0x00000000170a0000,0x00000000171a0000)]

Stack: [0x00000000170a0000,0x00000000171a0000]
[error occurred during error reporting (printing stack bounds), id 0xc0000005]

Native frames: (J=compiled Java code, j=interpreted, Vv=VM code, C=native code)


Current CompileTask:
C2:  62273 10388   !   4       java.net.URLClassLoader$1::run (63 bytes)


---------------  P R O C E S S  ---------------

Java Threads: ( => current thread )
  0x0000000019de5000 JavaThread "pool-5-thread-3" [_thread_blocked, id=7152, stack(0x00000000201e0000,0x00000000202e0000)]
  0x0000000019de4000 JavaThread "pool-5-thread-2" [_thread_blocked, id=17988, stack(0x000000001ffe0000,0x00000000200e0000)]
  0x0000000019de6800 JavaThread "pool-5-thread-1" [_thread_blocked, id=15560, stack(0x000000001fee0000,0x000000001ffe0000)]
  0x000000001b054800 JavaThread "File lock request listener" [_thread_in_native, id=18400, stack(0x000000001cf50000,0x000000001d050000)]
  0x000000001792d000 JavaThread "Stdin handler" [_thread_blocked, id=5444, stack(0x00000000198e0000,0x00000000199e0000)]
  0x00000000180b2000 JavaThread "Asynchronous log dispatcher for org.gradle.launcher.daemon.server.DefaultDaemonConnection@4693b8d" [_thread_blocked, id=6688, stack(0x00000000197e0000,0x00000000198e0000)]
  0x000000001779e000 JavaThread "Daemon worker" [_thread_in_vm, id=18628, stack(0x00000000194e0000,0x00000000195e0000)]
  0x0000000017934000 JavaThread "Cancel handler" [_thread_blocked, id=14692, stack(0x00000000193e0000,0x00000000194e0000)]
  0x00000000176df800 JavaThread "Handler for socket connection from /127.0.0.1:61671 to /127.0.0.1:61672" [_thread_in_native, id=11440, stack(0x00000000192e0000,0x00000000193e0000)]
  0x0000000016b81000 JavaThread "Daemon" [_thread_blocked, id=19068, stack(0x00000000191e0000,0x00000000192e0000)]
  0x0000000016b7f000 JavaThread "pool-1-thread-1" [_thread_blocked, id=6320, stack(0x00000000190e0000,0x00000000191e0000)]
  0x0000000016bf2000 JavaThread "Incoming local TCP Connector on port 61671" [_thread_in_native, id=12692, stack(0x0000000018de0000,0x0000000018ee0000)]
  0x0000000016b24800 JavaThread "Service Thread" daemon [_thread_blocked, id=2200, stack(0x00000000173a0000,0x00000000174a0000)]
  0x0000000016aaf000 JavaThread "C1 CompilerThread2" daemon [_thread_blocked, id=2524, stack(0x00000000172a0000,0x00000000173a0000)]
  0x000000001579d000 JavaThread "C2 CompilerThread1" daemon [_thread_in_native, id=2812, stack(0x00000000171a0000,0x00000000172a0000)]
=>0x000000001574f000 JavaThread "C2 CompilerThread0" daemon [_thread_in_native, id=16880, stack(0x00000000170a0000,0x00000000171a0000)]
  0x000000001574d800 JavaThread "Attach Listener" daemon [_thread_blocked, id=19104, stack(0x0000000016fa0000,0x00000000170a0000)]
  0x0000000016aa8800 JavaThread "Signal Dispatcher" daemon [_thread_blocked, id=2312, stack(0x0000000016ea0000,0x0000000016fa0000)]
  0x000000000306d000 JavaThread "Finalizer" daemon [_thread_blocked, id=15492, stack(0x00000000169a0000,0x0000000016aa0000)]
  0x0000000003062000 JavaThread "Reference Handler" daemon [_thread_blocked, id=5460, stack(0x00000000168a0000,0x00000000169a0000)]
  0x0000000002f72800 JavaThread "main" [_thread_blocked, id=16968, stack(0x0000000002a80000,0x0000000002b80000)]

Other Threads:
  0x0000000015705800 VMThread [stack: 0x00000000167a0000,0x00000000168a0000] [id=8220]
  0x0000000016b26800 WatcherThread [stack: 0x00000000174a0000,0x00000000175a0000] [id=18320]

VM state:not at safepoint (normal execution)

VM Mutex/Monitor currently owned by a thread: None

Heap:
 PSYoungGen      total 233984K, used 89232K [0x00000000eab00000, 0x00000000fda00000, 0x0000000100000000)
  eden space 210944K, 42% used [0x00000000eab00000,0x00000000f02242f8,0x00000000f7900000)
  from space 23040K, 0% used [0x00000000f7900000,0x00000000f7900000,0x00000000f8f80000)
  to   space 23552K, 0% used [0x00000000fc300000,0x00000000fc300000,0x00000000fda00000)
 ParOldGen       total 141824K, used 47400K [0x00000000c0000000, 0x00000000c8a80000, 0x00000000eab00000)
  object space 141824K, 33% used [0x00000000c0000000,0x00000000c2e4a2a0,0x00000000c8a80000)
 Metaspace       used 58486K, capacity 60188K, committed 60544K, reserved 1101824K
  class space    used 7558K, capacity 7958K, committed 8064K, reserved 1048576K

Card table byte_map: [0x0000000012430000,0x0000000012640000] byte_map_base: 0x0000000011e30000

Marking Bits: (ParMarkBitMap*) 0x00000000742c3950
 Begin Bits: [0x0000000012ba0000, 0x0000000013ba0000)
 End Bits:   [0x0000000013ba0000, 0x0000000014ba0000)

Polling page: 0x0000000001310000

CodeCache: size=245760Kb used=32061Kb max_used=32061Kb free=213698Kb
 bounds [0x0000000003070000, 0x0000000004ff0000, 0x0000000012070000]
 total_blobs=9722 nmethods=8987 adapters=646
 compilation: enabled

Compilation events (10 events):
Event: 62.217 Thread 0x0000000016aaf000 10439       3       com.sun.tools.javac.code.Symbol$MethodSymbol::overrides (246 bytes)
Event: 62.222 Thread 0x0000000016aaf000 nmethod 10439 0x0000000004fd9050 code [0x0000000004fd9520, 0x0000000004fdcf58]
Event: 62.223 Thread 0x0000000016aaf000 10440   !   3       com.sun.tools.javac.comp.Check::checkNonCyclicInternal (302 bytes)
Event: 62.225 Thread 0x0000000016aaf000 nmethod 10440 0x0000000004fdf010 code [0x0000000004fdf260, 0x0000000004fe0308]
Event: 62.232 Thread 0x0000000016aaf000 10441       3       com.sun.tools.javac.comp.Attr::checkId (59 bytes)
Event: 62.234 Thread 0x0000000016aaf000 nmethod 10441 0x0000000004fe0950 code [0x0000000004fe0b00, 0x0000000004fe11d8]
Event: 62.238 Thread 0x0000000016aaf000 10442       1       com.sun.tools.javac.comp.Flow::access$200 (5 bytes)
Event: 62.238 Thread 0x0000000016aaf000 nmethod 10442 0x0000000004fe1450 code [0x0000000004fe15a0, 0x0000000004fe1690]
Event: 62.246 Thread 0x0000000016aaf000 10443       3       com.sun.tools.javac.tree.JCTree$JCMethodInvocation::accept (6 bytes)
Event: 62.246 Thread 0x0000000016aaf000 nmethod 10443 0x0000000004fe1710 code [0x0000000004fe1880, 0x0000000004fe1aa8]

GC Heap History (10 events):
Event: 29.813 GC heap before
{Heap before GC invocations=10 (full 2):
 PSYoungGen      total 123904K, used 113664K [0x00000000eab00000, 0x00000000f7f00000, 0x0000000100000000)
  eden space 113664K, 100% used [0x00000000eab00000,0x00000000f1a00000,0x00000000f1a00000)
  from space 10240K, 0% used [0x00000000f1a00000,0x00000000f1a00000,0x00000000f2400000)
  to   space 12288K, 0% used [0x00000000f7300000,0x00000000f7300000,0x00000000f7f00000)
 ParOldGen       total 84992K, used 18735K [0x00000000c0000000, 0x00000000c5300000, 0x00000000eab00000)
  object space 84992K, 22% used [0x00000000c0000000,0x00000000c124bd50,0x00000000c5300000)
 Metaspace       used 42180K, capacity 43066K, committed 43264K, reserved 1087488K
  class space    used 5583K, capacity 5799K, committed 5888K, reserved 1048576K
Event: 29.834 GC heap after
Heap after GC invocations=10 (full 2):
 PSYoungGen      total 180736K, used 10261K [0x00000000eab00000, 0x00000000f7d80000, 0x0000000100000000)
  eden space 169984K, 0% used [0x00000000eab00000,0x00000000eab00000,0x00000000f5100000)
  from space 10752K, 95% used [0x00000000f7300000,0x00000000f7d056c0,0x00000000f7d80000)
  to   space 12800K, 0% used [0x00000000f6480000,0x00000000f6480000,0x00000000f7100000)
 ParOldGen       total 84992K, used 18743K [0x00000000c0000000, 0x00000000c5300000, 0x00000000eab00000)
  object space 84992K, 22% used [0x00000000c0000000,0x00000000c124dd50,0x00000000c5300000)
 Metaspace       used 42180K, capacity 43066K, committed 43264K, reserved 1087488K
  class space    used 5583K, capacity 5799K, committed 5888K, reserved 1048576K
}
Event: 35.270 GC heap before
{Heap before GC invocations=11 (full 2):
 PSYoungGen      total 180736K, used 180245K [0x00000000eab00000, 0x00000000f7d80000, 0x0000000100000000)
  eden space 169984K, 100% used [0x00000000eab00000,0x00000000f5100000,0x00000000f5100000)
  from space 10752K, 95% used [0x00000000f7300000,0x00000000f7d056c0,0x00000000f7d80000)
  to   space 12800K, 0% used [0x00000000f6480000,0x00000000f6480000,0x00000000f7100000)
 ParOldGen       total 84992K, used 18743K [0x00000000c0000000, 0x00000000c5300000, 0x00000000eab00000)
  object space 84992K, 22% used [0x00000000c0000000,0x00000000c124dd50,0x00000000c5300000)
 Metaspace       used 47068K, capacity 48348K, committed 48512K, reserved 1091584K
  class space    used 6214K, capacity 6482K, committed 6528K, reserved 1048576K
Event: 35.308 GC heap after
Heap after GC invocations=11 (full 2):
 PSYoungGen      total 202752K, used 12778K [0x00000000eab00000, 0x00000000f9f00000, 0x0000000100000000)
  eden space 189952K, 0% used [0x00000000eab00000,0x00000000eab00000,0x00000000f6480000)
  from space 12800K, 99% used [0x00000000f6480000,0x00000000f70fa970,0x00000000f7100000)
  to   space 15872K, 0% used [0x00000000f8f80000,0x00000000f8f80000,0x00000000f9f00000)
 ParOldGen       total 84992K, used 22936K [0x00000000c0000000, 0x00000000c5300000, 0x00000000eab00000)
  object space 84992K, 26% used [0x00000000c0000000,0x00000000c1666178,0x00000000c5300000)
 Metaspace       used 47068K, capacity 48348K, committed 48512K, reserved 1091584K
  class space    used 6214K, capacity 6482K, committed 6528K, reserved 1048576K
}
Event: 45.419 GC heap before
{Heap before GC invocations=12 (full 2):
 PSYoungGen      total 202752K, used 202730K [0x00000000eab00000, 0x00000000f9f00000, 0x0000000100000000)
  eden space 189952K, 100% used [0x00000000eab00000,0x00000000f6480000,0x00000000f6480000)
  from space 12800K, 99% used [0x00000000f6480000,0x00000000f70fa970,0x00000000f7100000)
  to   space 15872K, 0% used [0x00000000f8f80000,0x00000000f8f80000,0x00000000f9f00000)
 ParOldGen       total 84992K, used 22936K [0x00000000c0000000, 0x00000000c5300000, 0x00000000eab00000)
  object space 84992K, 26% used [0x00000000c0000000,0x00000000c1666178,0x00000000c5300000)
 Metaspace       used 51224K, capacity 52830K, committed 52992K, reserved 1095680K
  class space    used 6753K, capacity 7125K, committed 7168K, reserved 1048576K
Event: 45.487 GC heap after
Heap after GC invocations=12 (full 2):
 PSYoungGen      total 226816K, used 15868K [0x00000000eab00000, 0x00000000fc300000, 0x0000000100000000)
  eden space 210944K, 0% used [0x00000000eab00000,0x00000000eab00000,0x00000000f7900000)
  from space 15872K, 99% used [0x00000000f8f80000,0x00000000f9eff1a8,0x00000000f9f00000)
  to   space 23040K, 0% used [0x00000000f7900000,0x00000000f7900000,0x00000000f8f80000)
 ParOldGen       total 84992K, used 37564K [0x00000000c0000000, 0x00000000c5300000, 0x00000000eab00000)
  object space 84992K, 44% used [0x00000000c0000000,0x00000000c24af320,0x00000000c5300000)
 Metaspace       used 51224K, capacity 52830K, committed 52992K, reserved 1095680K
  class space    used 6753K, capacity 7125K, committed 7168K, reserved 1048576K
}
Event: 57.730 GC heap before
{Heap before GC invocations=13 (full 2):
 PSYoungGen      total 226816K, used 204238K [0x00000000eab00000, 0x00000000fc300000, 0x0000000100000000)
  eden space 210944K, 89% used [0x00000000eab00000,0x00000000f62f49c8,0x00000000f7900000)
  from space 15872K, 99% used [0x00000000f8f80000,0x00000000f9eff1a8,0x00000000f9f00000)
  to   space 23040K, 0% used [0x00000000f7900000,0x00000000f7900000,0x00000000f8f80000)
 ParOldGen       total 84992K, used 37564K [0x00000000c0000000, 0x00000000c5300000, 0x00000000eab00000)
  object space 84992K, 44% used [0x00000000c0000000,0x00000000c24af320,0x00000000c5300000)
 Metaspace       used 57317K, capacity 59018K, committed 59136K, reserved 1099776K
  class space    used 7472K, capacity 7865K, committed 7936K, reserved 1048576K
Event: 57.784 GC heap after
Heap after GC invocations=13 (full 2):
 PSYoungGen      total 233984K, used 15489K [0x00000000eab00000, 0x00000000fda00000, 0x0000000100000000)
  eden space 210944K, 0% used [0x00000000eab00000,0x00000000eab00000,0x00000000f7900000)
  from space 23040K, 67% used [0x00000000f7900000,0x00000000f8820570,0x00000000f8f80000)
  to   space 23552K, 0% used [0x00000000fc300000,0x00000000fc300000,0x00000000fda00000)
 ParOldGen       total 84992K, used 44416K [0x00000000c0000000, 0x00000000c5300000, 0x00000000eab00000)
  object space 84992K, 52% used [0x00000000c0000000,0x00000000c2b600b8,0x00000000c5300000)
 Metaspace       used 57317K, capacity 59018K, committed 59136K, reserved 1099776K
  class space    used 7472K, capacity 7865K, committed 7936K, reserved 1048576K
}
Event: 57.784 GC heap before
{Heap before GC invocations=14 (full 3):
 PSYoungGen      total 233984K, used 15489K [0x00000000eab00000, 0x00000000fda00000, 0x0000000100000000)
  eden space 210944K, 0% used [0x00000000eab00000,0x00000000eab00000,0x00000000f7900000)
  from space 23040K, 67% used [0x00000000f7900000,0x00000000f8820570,0x00000000f8f80000)
  to   space 23552K, 0% used [0x00000000fc300000,0x00000000fc300000,0x00000000fda00000)
 ParOldGen       total 84992K, used 44416K [0x00000000c0000000, 0x00000000c5300000, 0x00000000eab00000)
  object space 84992K, 52% used [0x00000000c0000000,0x00000000c2b600b8,0x00000000c5300000)
 Metaspace       used 57317K, capacity 59018K, committed 59136K, reserved 1099776K
  class space    used 7472K, capacity 7865K, committed 7936K, reserved 1048576K
Event: 58.255 GC heap after
Heap after GC invocations=14 (full 3):
 PSYoungGen      total 233984K, used 0K [0x00000000eab00000, 0x00000000fda00000, 0x0000000100000000)
  eden space 210944K, 0% used [0x00000000eab00000,0x00000000eab00000,0x00000000f7900000)
  from space 23040K, 0% used [0x00000000f7900000,0x00000000f7900000,0x00000000f8f80000)
  to   space 23552K, 0% used [0x00000000fc300000,0x00000000fc300000,0x00000000fda00000)
 ParOldGen       total 141824K, used 47400K [0x00000000c0000000, 0x00000000c8a80000, 0x00000000eab00000)
  object space 141824K, 33% used [0x00000000c0000000,0x00000000c2e4a2a0,0x00000000c8a80000)
 Metaspace       used 57312K, capacity 59004K, committed 59136K, reserved 1099776K
  class space    used 7470K, capacity 7862K, committed 7936K, reserved 1048576K
}

Deoptimization events (10 events):
Event: 61.663 Thread 0x000000001779e000 Uncommon trap: reason=unstable_if action=reinterpret pc=0x0000000004faf260 method=com.sun.tools.javac.comp.Attr.checkIdInternal(Lcom/sun/tools/javac/tree/JCTree;Lcom/sun/tools/javac/code/Type;Lcom/sun/tools/javac/code/Symbol;Lcom/sun/tools/javac/code/Type
Event: 61.668 Thread 0x000000001779e000 Uncommon trap: reason=class_check action=maybe_recompile pc=0x0000000004f400e8 method=com.sun.tools.javac.tree.TreeInfo.isEnumInit(Lcom/sun/tools/javac/tree/JCTree;)Z @ 4
Event: 61.668 Thread 0x000000001779e000 Uncommon trap: reason=unstable_if action=reinterpret pc=0x0000000004e945ac method=com.sun.tools.javac.code.Symbol$TypeSymbol.formFullName(Lcom/sun/tools/javac/util/Name;Lcom/sun/tools/javac/code/Symbol;)Lcom/sun/tools/javac/util/Name; @ 22
Event: 61.668 Thread 0x000000001779e000 Uncommon trap: reason=unstable_if action=reinterpret pc=0x00000000045cb46c method=com.sun.tools.javac.code.Symbol$TypeSymbol.formFlatName(Lcom/sun/tools/javac/util/Name;Lcom/sun/tools/javac/code/Symbol;)Lcom/sun/tools/javac/util/Name; @ 11
Event: 61.670 Thread 0x000000001779e000 Uncommon trap: reason=unstable_if action=reinterpret pc=0x0000000004f3d648 method=com.sun.tools.javac.comp.Check.checkFlags(Lcom/sun/tools/javac/util/JCDiagnostic$DiagnosticPosition;JLcom/sun/tools/javac/code/Symbol;Lcom/sun/tools/javac/tree/JCTree;)J @ 6
Event: 61.732 Thread 0x000000001779e000 Uncommon trap: reason=unstable_if action=reinterpret pc=0x00000000045b9554 method=com.sun.tools.javac.code.Scope.enter(Lcom/sun/tools/javac/code/Symbol;Lcom/sun/tools/javac/code/Scope;Lcom/sun/tools/javac/code/Scope;Z)V @ 116
Event: 62.027 Thread 0x000000001779e000 Uncommon trap: reason=class_check action=maybe_recompile pc=0x0000000004eeb8d8 method=com.sun.tools.javac.tree.JCTree$Visitor.visitLiteral(Lcom/sun/tools/javac/tree/JCTree$JCLiteral;)V @ 2
Event: 62.120 Thread 0x000000001779e000 Uncommon trap: reason=class_check action=maybe_recompile pc=0x0000000004f400e8 method=com.sun.tools.javac.tree.TreeInfo.isEnumInit(Lcom/sun/tools/javac/tree/JCTree;)Z @ 4
Event: 62.144 Thread 0x000000001779e000 Uncommon trap: reason=class_check action=maybe_recompile pc=0x0000000004f400e8 method=com.sun.tools.javac.tree.TreeInfo.isEnumInit(Lcom/sun/tools/javac/tree/JCTree;)Z @ 4
Event: 62.147 Thread 0x000000001779e000 Uncommon trap: reason=class_check action=maybe_recompile pc=0x0000000004f400e8 method=com.sun.tools.javac.tree.TreeInfo.isEnumInit(Lcom/sun/tools/javac/tree/JCTree;)Z @ 4

Classes redefined (0 events):
No events

Internal exceptions (10 events):
Event: 38.347 Thread 0x000000001779e000 Exception <a 'java/lang/ClassNotFoundException': java/io/FileBeanInfo> (0x00000000f14bc4e0) thrown at [D:\src\AOSP-openjdk-cygwin\jdk8u\hotspot\src\share\vm\classfile\systemDictionary.cpp, line 210]
Event: 38.347 Thread 0x000000001779e000 Exception <a 'java/lang/ClassNotFoundException': java/io/FileCustomizer> (0x00000000f14c2000) thrown at [D:\src\AOSP-openjdk-cygwin\jdk8u\hotspot\src\share\vm\classfile\systemDictionary.cpp, line 210]
Event: 38.910 Thread 0x000000001779e000 Exception <a 'java/lang/NoSuchMethodError': <clinit>> (0x00000000f1b9a570) thrown at [D:\src\AOSP-openjdk-cygwin\jdk8u\hotspot\src\share\vm\prims\jni.cpp, line 1613]
Event: 38.911 Thread 0x000000001779e000 Exception <a 'java/lang/NoSuchMethodError': <clinit>> (0x00000000f1ba7558) thrown at [D:\src\AOSP-openjdk-cygwin\jdk8u\hotspot\src\share\vm\prims\jni.cpp, line 1613]
Event: 38.964 Thread 0x000000001779e000 Exception <a 'java/lang/NoSuchMethodError': <clinit>> (0x00000000f1d84e58) thrown at [D:\src\AOSP-openjdk-cygwin\jdk8u\hotspot\src\share\vm\prims\jni.cpp, line 1613]
Event: 38.966 Thread 0x000000001779e000 Exception <a 'java/lang/NoSuchMethodError': <clinit>> (0x00000000f1d9d668) thrown at [D:\src\AOSP-openjdk-cygwin\jdk8u\hotspot\src\share\vm\prims\jni.cpp, line 1613]
Event: 38.966 Thread 0x000000001779e000 Exception <a 'java/lang/NoSuchMethodError': <clinit>> (0x00000000f1d9eb80) thrown at [D:\src\AOSP-openjdk-cygwin\jdk8u\hotspot\src\share\vm\prims\jni.cpp, line 1613]
Event: 49.773 Thread 0x000000001779e000 Implicit null exception at 0x0000000003c5b8a5 to 0x0000000003c5bb25
Event: 49.773 Thread 0x000000001779e000 Implicit null exception at 0x000000000378f674 to 0x000000000378fb81
Event: 56.817 Thread 0x000000001779e000 Implicit null exception at 0x00000000049670bc to 0x0000000004969f05

Events (10 events):
Event: 62.144 Thread 0x000000001779e000 DEOPT UNPACKING pc=0x00000000030b556a sp=0x00000000195dae80 mode 2
Event: 62.147 Thread 0x000000001779e000 Uncommon trap: trap_request=0xffffffde fr.pc=0x0000000004f400e8
Event: 62.147 Thread 0x000000001779e000 DEOPT PACKING pc=0x0000000004f400e8 sp=0x00000000195daee0
Event: 62.147 Thread 0x000000001779e000 DEOPT UNPACKING pc=0x00000000030b556a sp=0x00000000195dae80 mode 2
Event: 62.236 loading class com/sun/tools/javac/comp/Flow$BaseAnalyzer$JumpKind
Event: 62.236 loading class com/sun/tools/javac/comp/Flow$BaseAnalyzer$JumpKind done
Event: 62.237 loading class com/sun/tools/javac/comp/Flow$BaseAnalyzer$JumpKind$1
Event: 62.237 loading class com/sun/tools/javac/comp/Flow$BaseAnalyzer$JumpKind$1 done
Event: 62.237 loading class com/sun/tools/javac/comp/Flow$BaseAnalyzer$JumpKind$2
Event: 62.237 loading class com/sun/tools/javac/comp/Flow$BaseAnalyzer$JumpKind$2 done


Dynamic libraries:
0x00007ff6bf370000 - 0x00007ff6bf3a1000 	C:\Program Files\Android\Android Studio3\jre\bin\java.exe
0x00007ffdbf600000 - 0x00007ffdbf7c2000 	C:\WINDOWS\SYSTEM32\ntdll.dll
0x00007ffdbcf10000 - 0x00007ffdbcfbd000 	C:\WINDOWS\system32\KERNEL32.DLL
0x00007ffdbcae0000 - 0x00007ffdbccbd000 	C:\WINDOWS\system32\KERNELBASE.dll
0x00007ffdbcd30000 - 0x00007ffdbcdd6000 	C:\WINDOWS\system32\ADVAPI32.dll
0x00007ffdbf170000 - 0x00007ffdbf20d000 	C:\WINDOWS\system32\msvcrt.dll
0x00007ffdbccc0000 - 0x00007ffdbcd1b000 	C:\WINDOWS\system32\sechost.dll
0x00007ffdbcfc0000 - 0x00007ffdbd0e6000 	C:\WINDOWS\system32\RPCRT4.dll
0x00007ffdbed20000 - 0x00007ffdbee6e000 	C:\WINDOWS\system32\USER32.dll
0x00007ffdbf270000 - 0x00007ffdbf3f5000 	C:\WINDOWS\system32\GDI32.dll
0x00007ffdb07b0000 - 0x00007ffdb0a24000 	C:\WINDOWS\WinSxS\amd64_microsoft.windows.common-controls_6595b64144ccf1df_6.0.10240.17113_none_f41e180257520c58\COMCTL32.dll
0x00007ffdbf5c0000 - 0x00007ffdbf5f6000 	C:\WINDOWS\system32\IMM32.DLL
0x00007ffdbd320000 - 0x00007ffdbd47c000 	C:\WINDOWS\system32\MSCTF.dll
0x00000000739e0000 - 0x0000000073ab2000 	C:\Program Files\Android\Android Studio3\jre\jre\bin\msvcr100.dll
0x0000000073b00000 - 0x000000007433e000 	C:\Program Files\Android\Android Studio3\jre\jre\bin\server\jvm.dll
0x00007ffdbcf00000 - 0x00007ffdbcf08000 	C:\WINDOWS\system32\PSAPI.DLL
0x00007ffdba2b0000 - 0x00007ffdba2d3000 	C:\WINDOWS\SYSTEM32\WINMM.dll
0x00007ffdb3df0000 - 0x00007ffdb3dfa000 	C:\WINDOWS\SYSTEM32\VERSION.dll
0x00007ffd956f0000 - 0x00007ffd956f9000 	C:\WINDOWS\SYSTEM32\WSOCK32.dll
0x00000000012b0000 - 0x00000000012dc000 	C:\WINDOWS\SYSTEM32\WINMMBASE.dll
0x00007ffdbee70000 - 0x00007ffdbeed9000 	C:\WINDOWS\system32\WS2_32.dll
0x00007ffdbcd20000 - 0x00007ffdbcd28000 	C:\WINDOWS\system32\NSI.dll
0x00007ffdbc0c0000 - 0x00007ffdbc104000 	C:\WINDOWS\system32\cfgmgr32.dll
0x00007ffdba970000 - 0x00007ffdba997000 	C:\WINDOWS\SYSTEM32\DEVOBJ.dll
0x00007ffdb37d0000 - 0x00007ffdb37df000 	C:\Program Files\Android\Android Studio3\jre\jre\bin\verify.dll
0x00007ffda8cb0000 - 0x00007ffda8cd9000 	C:\Program Files\Android\Android Studio3\jre\jre\bin\java.dll
0x00007ffdb1d40000 - 0x00007ffdb1d56000 	C:\Program Files\Android\Android Studio3\jre\jre\bin\zip.dll
0x00007ffdbd4a0000 - 0x00007ffdbe9c3000 	C:\WINDOWS\system32\SHELL32.dll
0x00007ffdbc280000 - 0x00007ffdbc8a9000 	C:\WINDOWS\system32\windows.storage.dll
0x00007ffdbeaa0000 - 0x00007ffdbed1c000 	C:\WINDOWS\system32\combase.dll
0x00007ffdbf560000 - 0x00007ffdbf5b1000 	C:\WINDOWS\system32\shlwapi.dll
0x00007ffdbc070000 - 0x00007ffdbc07f000 	C:\WINDOWS\system32\kernel.appcore.dll
0x00007ffdbc110000 - 0x00007ffdbc1c3000 	C:\WINDOWS\system32\shcore.dll
0x00007ffdbc020000 - 0x00007ffdbc06a000 	C:\WINDOWS\system32\powrprof.dll
0x00007ffdbc080000 - 0x00007ffdbc093000 	C:\WINDOWS\system32\profapi.dll
0x00007ffda76e0000 - 0x00007ffda76fa000 	C:\Program Files\Android\Android Studio3\jre\jre\bin\net.dll
0x00007ffdbb870000 - 0x00007ffdbb8cd000 	C:\WINDOWS\system32\mswsock.dll
0x00007ffda76c0000 - 0x00007ffda76d1000 	C:\Program Files\Android\Android Studio3\jre\jre\bin\nio.dll
0x00007ffda6030000 - 0x00007ffda6042000 	C:\Users\yjyvi\.gradle\native\19\windows-amd64\native-platform.dll
0x00007ffdbb8d0000 - 0x00007ffdbb8e7000 	C:\WINDOWS\SYSTEM32\CRYPTSP.dll
0x00007ffdbbb40000 - 0x00007ffdbbb68000 	C:\WINDOWS\SYSTEM32\bcrypt.dll
0x00007ffdbb520000 - 0x00007ffdbb553000 	C:\WINDOWS\system32\rsaenh.dll
0x00007ffdbb610000 - 0x00007ffdbb62f000 	C:\WINDOWS\SYSTEM32\USERENV.dll
0x00007ffdbbe70000 - 0x00007ffdbbedb000 	C:\WINDOWS\system32\bcryptprimitives.dll
0x00007ffdbba20000 - 0x00007ffdbba2b000 	C:\WINDOWS\SYSTEM32\CRYPTBASE.dll
0x00007ffdb82c0000 - 0x00007ffdb82f8000 	C:\WINDOWS\SYSTEM32\IPHLPAPI.DLL
0x00007ffdb82b0000 - 0x00007ffdb82bb000 	C:\WINDOWS\SYSTEM32\WINNSI.DLL
0x00007ffdb6860000 - 0x00007ffdb6876000 	C:\WINDOWS\SYSTEM32\dhcpcsvc6.DLL
0x00007ffdb6610000 - 0x00007ffdb662a000 	C:\WINDOWS\SYSTEM32\dhcpcsvc.DLL
0x00007ffdb20d0000 - 0x00007ffdb20dd000 	C:\Program Files\Android\Android Studio3\jre\jre\bin\management.dll

VM Arguments:
jvm_args: -XX:MaxPermSize=256m -XX:+HeapDumpOnOutOfMemoryError -Xmx1024m -Dfile.encoding=GBK -Duser.country=CN -Duser.language=zh -Duser.variant 
java_command: org.gradle.launcher.daemon.bootstrap.GradleDaemon 2.14.1
java_class_path (initial): C:\Users\yjyvi\.gradle\wrapper\dists\gradle-2.14.1-all\8bnwg5hd3w55iofp58khbp6yv\gradle-2.14.1\lib\gradle-launcher-2.14.1.jar
Launcher Type: SUN_STANDARD

Environment Variables:
JAVA_HOME=C:\Java\jdk1.8.0_111
PATH=C:\Program Files\MySQL\MySQL Server 5.7\bin;C:\ProgramData\Oracle\Java\javapath;C:\Java\jdk1.8.0_111\bin;C:\Android\android-sdk\platform-tools;C:\Program Files (x86)\NVIDIA Corporation\PhysX\Common;C:\Java\jdk1.8.0_111\bin;C:\WINDOWS\system32;C:\WINDOWS;C:\WINDOWS\System32\Wbem;C:\WINDOWS\System32\WindowsPowerShell\v1.0\;C:\Program Files\TortoiseSVN\bin;C:\Program Files (x86)\nodejs\;D:\Program Files (x86)\IBM\Rational AppScan\;C:\Program Files\MySQL\MySQL Utilities 1.6\;D:\android-sdk\platform-tools\;C:\Users\yjyvi\AppData\Roaming\npm;C:\Users\yjyvi\AppData\Local\GitHubDesktop\bin
USERNAME=yjyvi
OS=Windows_NT
PROCESSOR_IDENTIFIER=Intel64 Family 6 Model 60 Stepping 3, GenuineIntel



---------------  S Y S T E M  ---------------

OS: Windows 10.0 , 64 bit Build 10240 (10.0.10240.17113)

CPU:total 4 (initial active 4) (4 cores per cpu, 2 threads per core) family 6 model 60 stepping 3, cmov, cx8, fxsr, mmx, sse, sse2, sse3, ssse3, sse4.1, sse4.2, popcnt, avx, avx2, aes, clmul, erms, lzcnt, ht, tsc, tscinvbit, bmi1, bmi2

Memory: 4k page, physical 8269936k(314880k free), swap 23798392k(6340k free)

vm_info: OpenJDK 64-Bit Server VM (25.152-b01) for windows-amd64 JRE (1.8.0_152-release-915-b01), built by "builder" with MS VC++ 10.0 (VS2010)

time: Thu Feb 01 13:16:25 2018
elapsed time: 62 seconds (0d 0h 1m 2s)

